4/22/2022

- minor phone lookup function update
- updated bihreg param
- replaced whois package with whois backend API on tgsint-api
- new command , nmap quick scan (-sP) , api hosted on tgsint-api
- [!] experimental, nmap scan with custom command parameters (e.g /nmap 
- code cleanup and improvements

04/29/2022

- minor changes
- removed nmap quick scan
- replaced zoomeye subdomain scan with nmap hostmap-crtsh script (tgsint-api)
- updated packages

05/13/2022
- adjustments to new API format
- minor fixes & formatting
- temporary disabled subdomain scan until dedicated api is completed

05/16/2022
- minor adjustments
- enabled subdomain scan

05/21/2022
- added missing package in requirements.txt

06/12/2022
- command description change

07/16/2022
- project structure rework
- updated lookup find by name 
- updated readme 
- updated packages

07/24/2022
- modules rework
- whois rework 
- minor improvements

09/11/2022
- croreg bugfix / edge case with PP plates

04/14/2023
- removed shodan/nmap/whois commands
- code cleanup & improvements

09/20/2023
- add logger
- minor code improvements